[    0.000000] Initializing cgroup subsys cpuset
[    0.000000] Initializing cgroup subsys cpu
[    0.000000] Initializing cgroup subsys cpuacct
[    0.000000] Linux version 4.4.0-148-generic (buildd@lgw01-amd64-031) (gcc version 5.4.0 20160609 (Ubuntu 5.4.0-6ubuntu1~16.04.10) ) #174-Ubuntu SMP Tue May 7 12:20:14 UTC 2019 (Ubuntu 4.4.0-148.174-generic 4.4.177)
[    0.000000] Command line: BOOT_IMAGE=/boot/vmlinuz-4.4.0-148-generic root=LABEL=cloudimg-rootfs ro console=tty1 console=ttyS0
[    0.000000] KERNEL supported cpus:
[    0.000000]   Intel GenuineIntel
[    0.000000]   AMD AuthenticAMD
[    0.000000]   Centaur CentaurHauls
[    0.000000] x86/fpu: xstate_offset[2]:  576, xstate_sizes[2]:  256
[    0.000000] x86/fpu: Supporting XSAVE feature 0x01: 'x87 floating point registers'
[    0.000000] x86/fpu: Supporting XSAVE feature 0x02: 'SSE registers'
[    0.000000] x86/fpu: Supporting XSAVE feature 0x04: 'AVX registers'
[    0.000000] x86/fpu: Enabled xstate features 0x7, context size is 832 bytes, using 'standard' format.
[    0.000000] e820: BIOS-provided physical RAM map:
[    0.000000] BIOS-e820: [mem 0x0000000000000000-0x000000000009fbff] usable
[    0.000000] BIOS-e820: [mem 0x000000000009fc00-0x000000000009ffff] reserved
[    0.000000] BIOS-e820: [mem 0x00000000000f0000-0x00000000000fffff] reserved
[    0.000000] BIOS-e820: [mem 0x0000000000100000-0x000000001ffeffff] usable
[    0.000000] BIOS-e820: [mem 0x000000001fff0000-0x000000001fffffff] ACPI data
[    0.000000] BIOS-e820: [mem 0x00000000fec00000-0x00000000fec00fff] reserved
[    0.000000] BIOS-e820: [mem 0x00000000fee00000-0x00000000fee00fff] reserved
[    0.000000] BIOS-e820: [mem 0x00000000fffc0000-0x00000000ffffffff] reserved
[    0.000000] NX (Execute Disable) protection: active
[    0.000000] SMBIOS 2.5 present.
[    0.000000] Hypervisor detected: KVM
[    0.000000] e820: last_pfn = 0x1fff0 max_arch_pfn = 0x400000000
[    0.000000] MTRR: Disabled
[    0.000000] x86/PAT: MTRRs disabled, skipping PAT initialization too.
[    0.000000] CPU MTRRs all blank - virtualized system.
[    0.000000] x86/PAT: Configuration [0-7]: WB  WT  UC- UC  WB  WT  UC- UC  
[    0.000000] found SMP MP-table at [mem 0x0009fff0-0x0009ffff] mapped at [ffff88000009fff0]
[    0.000000] Scanning 1 areas for low memory corruption
[    0.000000] RAMDISK: [mem 0x1e8a7000-0x1f721fff]
[    0.000000] ACPI: Early table checksum verification disabled
[    0.000000] ACPI: RSDP 0x00000000000E0000 000024 (v02 VBOX  )
[    0.000000] ACPI: XSDT 0x000000001FFF0030 00003C (v01 VBOX   VBOXXSDT 00000001 ASL  00000061)
[    0.000000] ACPI: FACP 0x000000001FFF00F0 0000F4 (v04 VBOX   VBOXFACP 00000001 ASL  00000061)
[    0.000000] ACPI: DSDT 0x000000001FFF0470 0022EA (v02 VBOX   VBOXBIOS 00000002 INTL 20100528)
[    0.000000] ACPI: FACS 0x000000001FFF0200 000040
[    0.000000] ACPI: FACS 0x000000001FFF0200 000040
[    0.000000] ACPI: APIC 0x000000001FFF0240 00005C (v02 VBOX   VBOXAPIC 00000001 ASL  00000061)
[    0.000000] ACPI: SSDT 0x000000001FFF02A0 0001CC (v01 VBOX   VBOXCPUT 00000002 INTL 20100528)
[    0.000000] No NUMA configuration found
[    0.000000] Faking a node at [mem 0x0000000000000000-0x000000001ffeffff]
[    0.000000] NODE_DATA(0) allocated [mem 0x1ffeb000-0x1ffeffff]
[    0.000000] kvm-clock: Using msrs 4b564d01 and 4b564d00
[    0.000000] kvm-clock: cpu 0, msr 0:1ffe3001, primary cpu clock
[    0.000000] kvm-clock: using sched offset of 10472751722 cycles
[    0.000000] clocksource: kvm-clock: mask: 0xffffffffffffffff max_cycles: 0x1cd42e4dffb, max_idle_ns: 881590591483 ns
[    0.000000] Zone ranges:
[    0.000000]   DMA      [mem 0x0000000000001000-0x0000000000ffffff]
[    0.000000]   DMA32    [mem 0x0000000001000000-0x000000001ffeffff]
[    0.000000]   Normal   empty
[    0.000000]   Device   empty
[    0.000000] Movable zone start for each node
[    0.000000] Early memory node ranges
[    0.000000]   node   0: [mem 0x0000000000001000-0x000000000009efff]
[    0.000000]   node   0: [mem 0x0000000000100000-0x000000001ffeffff]
[    0.000000] Initmem setup node 0 [mem 0x0000000000001000-0x000000001ffeffff]
[    0.000000] ACPI: PM-Timer IO Port: 0x4008
[    0.000000] IOAPIC[0]: apic_id 2, version 32, address 0xfec00000, GSI 0-23
[    0.000000] ACPI: INT_SRC_OVR (bus 0 bus_irq 0 global_irq 2 dfl dfl)
[    0.000000] ACPI: INT_SRC_OVR (bus 0 bus_irq 9 global_irq 9 low level)
[    0.000000] Using ACPI (MADT) for SMP configuration information
[    0.000000] smpboot: Allowing 2 CPUs, 0 hotplug CPUs
[    0.000000] PM: Registered nosave memory: [mem 0x00000000-0x00000fff]
[    0.000000] PM: Registered nosave memory: [mem 0x0009f000-0x0009ffff]
[    0.000000] PM: Registered nosave memory: [mem 0x000a0000-0x000effff]
[    0.000000] PM: Registered nosave memory: [mem 0x000f0000-0x000fffff]
[    0.000000] e820: [mem 0x20000000-0xfebfffff] available for PCI devices
[    0.000000] Booting paravirtualized kernel on KVM
[    0.000000] clocksource: refined-jiffies: mask: 0xffffffff max_cycles: 0xffffffff, max_idle_ns: 7645519600211568 ns
[    0.000000] setup_percpu: NR_CPUS:512 nr_cpumask_bits:512 nr_cpu_ids:2 nr_node_ids:1
[    0.000000] PERCPU: Embedded 34 pages/cpu @ffff88001fc00000 s99480 r8192 d31592 u1048576
[    0.000000] Built 1 zonelists in Node order, mobility grouping on.  Total pages: 128888
[    0.000000] Policy zone: DMA32
[    0.000000] Kernel command line: BOOT_IMAGE=/boot/vmlinuz-4.4.0-148-generic root=LABEL=cloudimg-rootfs ro console=tty1 console=ttyS0
[    0.000000] PID hash table entries: 2048 (order: 2, 16384 bytes)
[    0.000000] Memory: 481652K/523832K available (8609K kernel code, 1334K rwdata, 4028K rodata, 1484K init, 1284K bss, 42180K reserved, 0K cma-reserved)
[    0.000000] SLUB: HWalign=64, Order=0-3, MinObjects=0, CPUs=2, Nodes=1
[    0.000000] Kernel/User page tables isolation: enabled
[    0.000000] Hierarchical RCU implementation.
[    0.000000] 	Build-time adjustment of leaf fanout to 64.
[    0.000000] 	RCU restricting CPUs from NR_CPUS=512 to nr_cpu_ids=2.
[    0.000000] RCU: Adjusting geometry for rcu_fanout_leaf=64, nr_cpu_ids=2
[    0.000000] NR_IRQS:33024 nr_irqs:440 16
[    0.000000] Console: colour VGA+ 80x25
[    0.000000] console [tty1] enabled
[    0.000000] console [ttyS0] enabled
[    0.000000] tsc: Detected 2893.448 MHz processor
[    2.774365] Calibrating delay loop (skipped) preset value.. 5786.89 BogoMIPS (lpj=11573792)
[    2.808511] pid_max: default: 32768 minimum: 301
[    2.828776] ACPI: Core revision 20150930
[    2.844865] ACPI: 2 ACPI AML tables successfully acquired and loaded
[    2.871342] Security Framework initialized
[    2.885785] Yama: becoming mindful.
[    2.898389] AppArmor: AppArmor initialized
[    2.913462] Dentry cache hash table entries: 65536 (order: 7, 524288 bytes)
[    2.936040] Inode-cache hash table entries: 32768 (order: 6, 262144 bytes)
[    2.958568] Mount-cache hash table entries: 1024 (order: 1, 8192 bytes)
[    2.982494] Mountpoint-cache hash table entries: 1024 (order: 1, 8192 bytes)
[    3.004059] Initializing cgroup subsys io
[    3.021282] Initializing cgroup subsys memory
[    3.037175] Initializing cgroup subsys devices
[    3.058138] Initializing cgroup subsys freezer
[    3.075697] Initializing cgroup subsys net_cls
[    3.092566] Initializing cgroup subsys perf_event
[    3.113034] Initializing cgroup subsys net_prio
[    3.134691] Initializing cgroup subsys hugetlb
[    3.149602] Initializing cgroup subsys pids
[    3.165056] mce: CPU supports 0 MCE banks
[    3.178385] Last level iTLB entries: 4KB 512, 2MB 8, 4MB 8
[    3.196438] Last level dTLB entries: 4KB 512, 2MB 32, 4MB 32, 1GB 0
[    3.219689] Spectre V2 : Mitigation: Full generic retpoline
[    3.242211] Spectre V2 : Spectre v2 / SpectreRSB mitigation: Filling RSB on context switch
[    3.271535] Speculative Store Bypass: Vulnerable
[    3.288426] MDS: Vulnerable: Clear CPU buffers attempted, no microcode
[    3.370524] Freeing SMP alternatives memory: 36K
[    3.482587] ftrace: allocating 32293 entries in 127 pages
[    4.190966] smpboot: APIC(0) Converting physical 0 to logical package 0
[    4.209997] smpboot: Max logical packages: 1
[    4.231993] x2apic enabled
[    4.245135] Switched APIC routing to physical x2apic.
[    4.274601] ..TIMER: vector=0x30 apic1=0 pin1=2 apic2=-1 pin2=-1
[    4.400752] smpboot: CPU0: Intel(R) Core(TM) i5-2310 CPU @ 2.90GHz (family: 0x6, model: 0x2a, stepping: 0x7)
[    4.451254] Performance Events: unsupported p6 CPU model 42 no PMU driver, software events only.
[    4.583835] KVM setup paravirtual spinlock
[    4.597649] x86: Booting SMP configuration:
[    4.611630] .... node  #0, CPUs:      #1
[    4.626351] kvm-clock: cpu 1, msr 0:1ffe3041, secondary cpu clock
[    4.666913] mce: CPU supports 0 MCE banks
[    4.691459] x86: Booted up 1 node, 2 CPUs
[    4.719778] smpboot: Total of 2 processors activated (11573.79 BogoMIPS)
[    4.746356] devtmpfs: initialized
[    4.771778] evm: security.selinux
[    4.804366] evm: security.SMACK64
[    4.818599] evm: security.SMACK64EXEC
[    4.833237] evm: security.SMACK64TRANSMUTE
[    4.847858] evm: security.SMACK64MMAP
[    4.864553] evm: security.ima
[    4.884841] evm: security.capability
[    4.931388] clocksource: jiffies: mask: 0xffffffff max_cycles: 0xffffffff, max_idle_ns: 7645041785100000 ns
[    4.958933] futex hash table entries: 512 (order: 3, 32768 bytes)
[    5.002063] pinctrl core: initialized pinctrl subsystem
[    5.020221] RTC time:  7:20:02, date: 05/24/19
[    5.037134] NET: Registered protocol family 16
[    5.067866] cpuidle: using governor ladder
[    5.093868] cpuidle: using governor menu
[    5.110072] PCCT header not found.
[    5.121771] ACPI: bus type PCI registered
[    5.135287] acpiphp: ACPI Hot Plug PCI Controller Driver version: 0.5
[    5.154975] PCI: Using configuration type 1 for base access
[    5.194426] ACPI: Added _OSI(Module Device)
[    5.210266] ACPI: Added _OSI(Processor Device)
[    5.226316] ACPI: Added _OSI(3.0 _SCP Extensions)
[    5.243792] ACPI: Added _OSI(Processor Aggregator Device)
[    5.266107] ACPI: Executed 1 blocks of module-level executable AML code
[    5.296948] ACPI: Interpreter enabled
[    5.309231] ACPI: (supports S0 S5)
[    5.322283] ACPI: Using IOAPIC for interrupt routing
[    5.338071] PCI: Using host bridge windows from ACPI; if necessary, use "pci=nocrs" and report a bug
[    5.384574] ACPI: PCI Root Bridge [PCI0] (domain 0000 [bus 00-ff])
[    5.406920] acpi PNP0A03:00: _OSC: OS supports [ASPM ClockPM Segments MSI]
[    5.428625] acpi PNP0A03:00: _OSC: not requesting OS control; OS requires [ExtendedConfig ASPM ClockPM MSI]
[    5.461119] acpi PNP0A03:00: fail to add MMCONFIG information, can't access extended PCI configuration space under this bridge.
[    5.502346] PCI host bridge to bus 0000:00
[    5.524852] pci_bus 0000:00: root bus resource [io  0x0000-0x0cf7 window]
[    5.547959] pci_bus 0000:00: root bus resource [io  0x0d00-0xffff window]
[    5.571080] pci_bus 0000:00: root bus resource [mem 0x000a0000-0x000bffff window]
[    5.594383] pci_bus 0000:00: root bus resource [mem 0x20000000-0xfdffffff window]
[    5.622741] pci_bus 0000:00: root bus resource [bus 00-ff]
[    5.670201] pci 0000:00:01.1: legacy IDE quirk: reg 0x10: [io  0x01f0-0x01f7]
[    5.691971] pci 0000:00:01.1: legacy IDE quirk: reg 0x14: [io  0x03f6]
[    5.712222] pci 0000:00:01.1: legacy IDE quirk: reg 0x18: [io  0x0170-0x0177]
[    5.733129] pci 0000:00:01.1: legacy IDE quirk: reg 0x1c: [io  0x0376]
[    6.003994] pci 0000:00:07.0: quirk: [io  0x4000-0x403f] claimed by PIIX4 ACPI
[    6.159499] pci 0000:00:07.0: quirk: [io  0x4100-0x410f] claimed by PIIX4 SMB
[    6.345312] ACPI: PCI Interrupt Link [LNKA] (IRQs 5 9 10 *11)
[    6.378204] ACPI: PCI Interrupt Link [LNKB] (IRQs 5 9 *10 11)
[    6.408838] ACPI: PCI Interrupt Link [LNKC] (IRQs 5 *9 10 11)
[    6.447464] ACPI: PCI Interrupt Link [LNKD] (IRQs 5 9 10 *11)
[    6.487465] ACPI: Enabled 2 GPEs in block 00 to 07
[    6.522059] vgaarb: setting as boot device: PCI:0000:00:02.0
[    6.549588] vgaarb: device added: PCI:0000:00:02.0,decodes=io+mem,owns=io+mem,locks=none
[    6.593215] vgaarb: loaded
[    6.602703] vgaarb: bridge control possible 0000:00:02.0
[    6.619712] SCSI subsystem initialized
[    6.632378] ACPI: bus type USB registered
[    6.644979] usbcore: registered new interface driver usbfs
[    6.661313] usbcore: registered new interface driver hub
[    6.680551] usbcore: registered new device driver usb
[    6.710062] PCI: Using ACPI for IRQ routing
[    6.729157] NetLabel: Initializing
[    6.742665] NetLabel:  domain hash size = 128
[    6.759292] NetLabel:  protocols = UNLABELED CIPSOv4
[    6.776964] NetLabel:  unlabeled traffic allowed by default
[    6.795170] amd_nb: Cannot enumerate AMD northbridges
[    6.816686] clocksource: Switched to clocksource kvm-clock
[    6.861096] AppArmor: AppArmor Filesystem Enabled
[    6.875462] pnp: PnP ACPI init
[    6.892356] pnp: PnP ACPI: found 3 devices
[    6.914376] clocksource: acpi_pm: mask: 0xffffff max_cycles: 0xffffff, max_idle_ns: 2085701024 ns
[    6.943091] NET: Registered protocol family 2
[    6.964433] TCP established hash table entries: 4096 (order: 3, 32768 bytes)
[    6.984942] TCP bind hash table entries: 4096 (order: 4, 65536 bytes)
[    7.003882] TCP: Hash tables configured (established 4096 bind 4096)
[    7.024394] UDP hash table entries: 256 (order: 1, 8192 bytes)
[    7.042130] UDP-Lite hash table entries: 256 (order: 1, 8192 bytes)
[    7.062924] NET: Registered protocol family 1
[    7.078343] pci 0000:00:00.0: Limiting direct PCI/PCI transfers
[    7.096145] pci 0000:00:01.0: Activating ISA DMA hang workarounds
[    7.116669] Unpacking initramfs...
[    7.499150] Freeing initrd memory: 14828K
[    7.514117] RAPL PMU detected, API unit is 2^-32 Joules, 3 fixed counters 10737418240 ms ovfl timer
[    7.542579] hw unit of domain pp0-core 2^-0 Joules
[    7.558364] hw unit of domain package 2^-0 Joules
[    7.573915] hw unit of domain pp1-gpu 2^-0 Joules
[    7.599490] clocksource: tsc: mask: 0xffffffffffffffff max_cycles: 0x29b51599645, max_idle_ns: 440795228289 ns
[    7.631111] platform rtc_cmos: registered platform RTC device (no PNP device found)
[    7.659338] Scanning for low memory corruption every 60 seconds
[    7.694429] audit: initializing netlink subsys (disabled)
[    7.712080] audit: type=2000 audit(1558682412.167:1): initialized
[    7.742776] Initialise system trusted keyring
[    7.789105] HugeTLB registered 2 MB page size, pre-allocated 0 pages
[    7.810524] zbud: loaded
[    7.830385] VFS: Disk quotas dquot_6.6.0
[    7.843536] VFS: Dquot-cache hash table entries: 512 (order 0, 4096 bytes)
[    7.864594] squashfs: version 4.0 (2009/01/31) Phillip Lougher
[    7.908377] fuse init (API version 7.23)
[    7.922272] Key type big_key registered
[    7.935155] Allocating IMA MOK and blacklist keyrings.
[    8.049475] Key type asymmetric registered
[    8.066935] Asymmetric key parser 'x509' registered
[    8.094035] Block layer SCSI generic (bsg) driver version 0.4 loaded (major 249)
[    8.119697] io scheduler noop registered
[    8.134254] io scheduler deadline registered (default)
[    8.155664] io scheduler cfq registered
[    8.169222] pci_hotplug: PCI Hot Plug PCI Core version: 0.5
[    8.187391] pciehp: PCI Express Hot Plug Controller Driver version: 0.4
[    8.209006] ACPI: AC Adapter [AC] (on-line)
[    8.223933] input: Power Button as /devices/LNXSYSTM:00/LNXPWRBN:00/input/input0
[    8.251017] ACPI: Power Button [PWRF]
[    8.268084] input: Sleep Button as /devices/LNXSYSTM:00/LNXSLPBN:00/input/input1
[    8.297607] ACPI: Sleep Button [SLPF]
[    8.314158] GHES: HEST is not enabled!
[    8.328085] Serial: 8250/16550 driver, 32 ports, IRQ sharing enabled
[    8.383447] 00:02: ttyS0 at I/O 0x3f8 (irq = 4, base_baud = 115200) is a 16550A
[    8.484586] Linux agpgart interface v0.103
[    8.528131] loop: module loaded
[    8.545964] scsi host0: ata_piix
[    8.563359] scsi host1: ata_piix
[    8.584701] ata1: PATA max UDMA/33 cmd 0x1f0 ctl 0x3f6 bmdma 0xd000 irq 14
[    8.632711] ata2: PATA max UDMA/33 cmd 0x170 ctl 0x376 bmdma 0xd008 irq 15
[    8.713503] libphy: Fixed MDIO Bus: probed
[    8.733671] tun: Universal TUN/TAP device driver, 1.6
[    8.749975] tun: (C) 1999-2004 Max Krasnyansky <maxk@qualcomm.com>
[    8.769274] PPP generic driver version 2.4.2
[    8.785323] ehci_hcd: USB 2.0 'Enhanced' Host Controller (EHCI) Driver
[    8.812742] ehci-pci: EHCI PCI platform driver
[    8.828844] ehci-platform: EHCI generic platform driver
[    8.855291] ohci_hcd: USB 1.1 'Open' Host Controller (OHCI) Driver
[    8.878725] ohci-pci: OHCI PCI platform driver
[    8.896486] ohci-platform: OHCI generic platform driver
[    8.915983] uhci_hcd: USB Universal Host Controller Interface driver
[    8.944887] i8042: PNP: PS/2 Controller [PNP0303:PS2K,PNP0f03:PS2M] at 0x60,0x64 irq 1,12
[    8.986746] serio: i8042 KBD port at 0x60,0x64 irq 1
[    9.002544] serio: i8042 AUX port at 0x60,0x64 irq 12
[    9.022265] mousedev: PS/2 mouse device common for all mice
[    9.043986] rtc_cmos rtc_cmos: rtc core: registered rtc_cmos as rtc0
[    9.080163] input: AT Translated Set 2 keyboard as /devices/platform/i8042/serio0/input/input2
[    9.108876] rtc_cmos rtc_cmos: alarms up to one day, 114 bytes nvram
[    9.132873] i2c /dev entries driver
[    9.149783] device-mapper: uevent: version 1.0.3
[    9.177141] device-mapper: ioctl: 4.34.0-ioctl (2015-10-28) initialised: dm-devel@redhat.com
[    9.212586] ledtrig-cpu: registered to indicate activity on CPUs
[    9.245895] NET: Registered protocol family 10
[    9.289336] NET: Registered protocol family 17
[    9.333674] Key type dns_resolver registered
[    9.353646] registered taskstats version 1
[    9.529066] Loading compiled-in X.509 certificates
[    9.546714] Loaded X.509 cert 'Build time autogenerated kernel key: 5103689f9da3e841c6100f8bb032b132cf76e38d'
[    9.582085] zswap: loaded using pool lzo/zbud
[    9.654768] Key type trusted registered
[    9.729928] Key type encrypted registered
[    9.745066] AppArmor: AppArmor sha1 policy hashing enabled
[    9.775452] ima: No TPM chip found, activating TPM-bypass!
[    9.817936] ima: Allocated hash algorithm: sha1
[    9.835418] evm: HMAC attrs: 0x1
[    9.858272]   Magic number: 3:808:319
[    9.875664] tty tty44: hash matches
[    9.888369] rtc_cmos rtc_cmos: setting system clock to 2019-05-24 07:20:07 UTC (1558682407)
[    9.914927] BIOS EDD facility v0.16 2004-Jun-25, 0 devices found
[    9.935783] EDD information not available.
[    9.953802] Freeing unused kernel memory: 1484K
[    9.976768] Write protecting the kernel read-only data: 14336k
[   10.002021] Freeing unused kernel memory: 1620K
[   10.022858] Freeing unused kernel memory: 68K
Loading, please wait...
starting version 229
[   10.084032] random: systemd-udevd: uninitialized urandom read (16 bytes read, 4 bits of entropy available)
[   10.085345] random: udevadm: uninitialized urandom read (16 bytes read, 4 bits of entropy available)
[   10.085378] random: udevadm: uninitialized urandom read (16 bytes read, 4 bits of entropy available)
[   10.121463] random: udevadm: uninitialized urandom read (16 bytes read, 4 bits of entropy available)
[   10.121538] random: udevadm: uninitialized urandom read (16 bytes read, 4 bits of entropy available)
[   10.121860] random: udevadm: uninitialized urandom read (16 bytes read, 4 bits of entropy available)
[   10.121962] random: udevadm: uninitialized urandom read (16 bytes read, 4 bits of entropy available)
[   10.122069] random: udevadm: uninitialized urandom read (16 bytes read, 4 bits of entropy available)
[   10.122222] random: udevadm: uninitialized urandom read (16 bytes read, 4 bits of entropy available)
[   10.122321] random: udevadm: uninitialized urandom read (16 bytes read, 4 bits of entropy available)
[   10.711677] e1000: Intel(R) PRO/1000 Network Driver - version 7.3.21-k8-NAPI
[   10.778792] e1000: Copyright (c) 1999-2006 Intel Corporation.
[   10.957053] AVX version of gcm_enc/dec engaged.
[   10.989524] Fusion MPT base driver 3.04.20
[   10.989524] Copyright (c) 1999-2008 LSI Corporation
[   11.080272] AES CTR mode by8 optimization enabled
[   11.151869] Fusion MPT SPI Host driver 3.04.20
[   11.316056] input: ImExPS/2 Generic Explorer Mouse as /devices/platform/i8042/serio1/input/input4
[   12.598277] e1000 0000:00:03.0 eth0: (PCI:33MHz:32-bit) 02:5b:c0:ee:75:0a
[   12.643163] e1000 0000:00:03.0 eth0: Intel(R) PRO/1000 Network Connection
[   12.736180] mptbase: ioc0: Initiating bringup
[   13.023782] ioc0: LSI53C1030 A0: Capabilities={Initiator}
[   14.514510] scsi host2: ioc0: LSI53C1030 A0, FwRev=00000000h, Ports=1, MaxQ=256, IRQ=20
[   14.876288] scsi 2:0:0:0: Direct-Access     VBOX     HARDDISK         1.0  PQ: 0 ANSI: 5
[   14.905134] scsi target2:0:0: Beginning Domain Validation
[   15.071926] scsi target2:0:0: Domain Validation skipping write tests
[   15.318537] scsi target2:0:0: Ending Domain Validation
[   15.352183] scsi target2:0:0: asynchronous
[   15.471023] scsi 2:0:1:0: Direct-Access     VBOX     HARDDISK         1.0  PQ: 0 ANSI: 5
[   15.565462] scsi target2:0:1: Beginning Domain Validation
[   15.795148] scsi target2:0:1: Domain Validation skipping write tests
[   16.232168] scsi target2:0:1: Ending Domain Validation
[   16.296149] e1000 0000:00:08.0 eth1: (PCI:33MHz:32-bit) 08:00:27:00:5e:7d
[   16.304667] scsi target2:0:1: asynchronous
[   16.481460] e1000 0000:00:08.0 eth1: Intel(R) PRO/1000 Network Connection
[   16.512737] e1000 0000:00:08.0 enp0s8: renamed from eth1
[   16.541753] e1000 0000:00:03.0 enp0s3: renamed from eth0
[   16.616964] sd 2:0:0:0: Attached scsi generic sg0 type 0
[   16.641187] sd 2:0:0:0: [sda] 20971520 512-byte logical blocks: (10.7 GB/10.0 GiB)
[   16.642415] sd 2:0:1:0: [sdb] 20480 512-byte logical blocks: (10.5 MB/10.0 MiB)
[   16.643469] sd 2:0:1:0: [sdb] Write Protect is off
[   16.644266] sd 2:0:1:0: [sdb] Incomplete mode parameter data
[   16.644267] sd 2:0:1:0: [sdb] Assuming drive cache: write through
[   16.672461] sd 2:0:1:0: Attached scsi generic sg1 type 0
[   16.683454] sd 2:0:1:0: [sdb] Attached SCSI disk
[   16.816567] sd 2:0:0:0: [sda] Write Protect is off
[   16.976566] sd 2:0:0:0: [sda] Incomplete mode parameter data
[   16.996068] sd 2:0:0:0: [sda] Assuming drive cache: write through
[   17.023862]  sda: sda1
[   17.039493] sd 2:0:0:0: [sda] Attached SCSI disk
Begin: Loading essential drivers ... [   22.154594] md: linear personality registered for level -1
[   22.277020] md: multipath personality registered for level -4
[   22.529652] md: raid0 personality registered for level 0
[   22.616024] md: raid1 personality registered for level 1
[   22.732880] raid6: sse2x1   gen()  6423 MB/s
[   22.813458] raid6: sse2x1   xor()  4979 MB/s
[   22.892779] raid6: sse2x2   gen()  8128 MB/s
[   22.972765] raid6: sse2x2   xor()  5848 MB/s
[   23.057459] raid6: sse2x4   gen()  9479 MB/s
[   23.140975] raid6: sse2x4   xor()  6741 MB/s
[   23.156789] raid6: using algorithm sse2x4 gen() 9479 MB/s
[   23.178275] raid6: .... xor() 6741 MB/s, rmw enabled
[   23.196448] raid6: using ssse3x2 recovery algorithm
[   23.373008] xor: automatically using best checksumming function:
[   23.484523]    avx       : 40719.000 MB/sec
[   23.505302] async_tx: api initialized (async)
[   23.798581] md: raid6 personality registered for level 6
[   23.841623] md: raid5 personality registered for level 5
[   23.867772] md: raid4 personality registered for level 4
[   23.936253] md: raid10 personality registered for level 10
done.
Begin: Running /scripts/init-premount ... done.
Begin: Mounting root file system ... Begin: Running /scripts/local-top ... done.
Begin: Running /scripts/local-premount ... [   24.204417] Btrfs loaded
Scanning for Btrfs filesystems
done.
Warning: fsck not present, so skipping root file system
[   24.416920] EXT4-fs (sda1): mounted filesystem with ordered data mode. Opts: (null)
done.
Begin: Running /scripts/local-bottom ... done.
Begin: Running /scripts/init-bottom ... done.
[   24.977096] systemd[1]: systemd 229 running in system mode. (+PAM +AUDIT +SELINUX +IMA +APPARMOR +SMACK +SYSVINIT +UTMP +LIBCRYPTSETUP +GCRYPT +GNUTLS +ACL +XZ -LZ4 +SECCOMP +BLKID +ELFUTILS +KMOD -IDN)
[   25.043688] systemd[1]: Detected virtualization oracle.
[   25.060590] systemd[1]: Detected architecture x86-64.

Welcome to [1mUbuntu 16.04.6 LTS[0m!

[   25.117572] systemd[1]: Set hostname to <appserver>.
[   25.522045] random: nonblocking pool is initialized
[   25.650083] systemd[1]: Listening on udev Kernel Socket.
[[0;32m  OK  [0m] Listening on udev Kernel Socket.
[   25.695281] systemd[1]: Listening on LVM2 poll daemon socket.
[[0;32m  OK  [0m] Listening on LVM2 poll daemon socket.
[   25.762995] systemd[1]: Reached target Swap.
[[0;32m  OK  [0m] Reached target Swap.
[   25.821751] systemd[1]: Reached target Encrypted Volumes.
[[0;32m  OK  [0m] Reached target Encrypted Volumes.
[   25.854288] systemd[1]: Created slice User and Session Slice.
[[0;32m  OK  [0m] Created slice User and Session Slice.
[   25.892842] systemd[1]: Reached target System Time Synchronized.
[[0;32m  OK  [0m] Reached target System Time Synchronized.
[   25.936318] systemd[1]: Listening on Device-mapper event daemon FIFOs.
[[0;32m  OK  [0m] Listening on Device-mapper event daemon FIFOs.
[   25.974326] systemd[1]: Set up automount Arbitrary Executable File Formats File System Automount Point.
[[0;32m  OK  [0m] Set up automount Arbitrary Executab...ats File System Automount Point.
[   26.464076] systemd[1]: Listening on Journal Audit Socket.
[[0;32m  OK  [0m] Listening on Journal Audit Socket.
[   26.494722] systemd[1]: Listening on udev Control Socket.
[[0;32m  OK  [0m] Listening on udev Control Socket.
[   26.525265] systemd[1]: Listening on LVM2 metadata daemon socket.
[[0;32m  OK  [0m] Listening on LVM2 metadata daemon socket.
[   26.563252] systemd[1]: Reached target User and Group Name Lookups.
[[0;32m  OK  [0m] Reached target User and Group Name Lookups.
[   26.603741] systemd[1]: Listening on Journal Socket (/dev/log).
[[0;32m  OK  [0m] Listening on Journal Socket (/dev/log).
[   26.650448] systemd[1]: Started Forward Password Requests to Wall Directory Watch.
[[0;32m  OK  [0m] Started Forward Password Requests to Wall Directory Watch.
[   26.701398] systemd[1]: Created slice System Slice.
[[0;32m  OK  [0m] Created slice System Slice.
[   26.731439] systemd[1]: Created slice system-serial\x2dgetty.slice.
[[0;32m  OK  [0m] Created slice system-serial\x2dgetty.slice.
[   26.768679] systemd[1]: Reached target Slices.
[[0;32m  OK  [0m] Reached target Slices.
[   26.799551] systemd[1]: Started Trigger resolvconf update for networkd DNS.
[[0;32m  OK  [0m] Started Trigger resolvconf update for networkd DNS.
[   26.834885] systemd[1]: Listening on /dev/initctl Compatibility Named Pipe.
[[0;32m  OK  [0m] Listening on /dev/initctl Compatibility Named Pipe.
[   26.885210] systemd[1]: Listening on Syslog Socket.
[[0;32m  OK  [0m] Listening on Syslog Socket.
[   26.917275] systemd[1]: Listening on Journal Socket.
[[0;32m  OK  [0m] Listening on Journal Socket.
[   26.962645] systemd[1]: Starting Journal Service...
         Starting Journal Service...
[   27.009419] systemd[1]: Starting Load Kernel Modules...
         Starting Load Kernel Modules...
[   27.066647] Loading iSCSI transport class v2.0-870.
[   27.067801] systemd[1]: Starting Nameserver information manager...
         Starting Nameserver information manager...
[   27.164525] iscsi: registered transport (tcp)
[   27.190651] systemd[1]: Starting Remount Root and Kernel File Systems...
         Starting Remount Root and Kernel File Systems...
[   27.251498] systemd[1]: Starting Set console keymap...
         Starting Set console keymap...
[   27.390855] EXT4-fs (sda1): re-mounted. Opts: (null)
[   27.470388] systemd[1]: Mounting Debug File System...
         Mounting Debug File System...
[   27.519025] systemd[1]: Starting Monitoring of LVM2 mirrors, snapshots etc. using dmeventd or progress polling...
         Starting Monitoring of LVM2 mirrors... dmeventd or progress polling...
[   27.636237] systemd[1]: Starting Uncomplicated firewall...
         Starting Uncomplicated firewall...
[   27.723940] iscsi: registered transport (iser)
[   27.745379] systemd[1]: Mounting POSIX Message Queue File System...
         Mounting POSIX Message Queue File System...
[   27.820435] systemd[1]: Mounting Huge Pages File System...
         Mounting Huge Pages File System...
[   27.893626] systemd[1]: Starting Create list of required static device nodes for the current kernel...
         Starting Create list of required st... nodes for the current kernel...
[   27.981657] systemd[1]: Mounted POSIX Message Queue File System.
[[0;32m  OK  [0m] Mounted POSIX Message Queue File System.
[   28.050400] systemd[1]: Mounted Huge Pages File System.
[[0;32m  OK  [0m] Mounted Huge Pages File System.
[   28.083574] systemd[1]: Mounted Debug File System.
[[0;32m  OK  [0m] Mounted Debug File System.
[   28.116576] systemd[1]: Started Journal Service.
[[0;32m  OK  [0m] Started Journal Service.
[[0;32m  OK  [0m] Started Load Kernel Modules.
[[0;32m  OK  [0m] Started Remount Root and Kernel File Systems.
[[0;32m  OK  [0m] Started Set console keymap.
[[0;32m  OK  [0m] Started Uncomplicated firewall.
[[0;32m  OK  [0m] Started Create list of required sta...ce nodes for the current kernel.
[[0;32m  OK  [0m] Started Nameserver information manager.
[[0;32m  OK  [0m] Started LVM2 metadata daemon.
         Starting Create Static Device Nodes in /dev...
         Starting udev Coldplug all Devices...
         Starting Load/Save Random Seed...
         Mounting FUSE Control File System...
         Starting Apply Kernel Variables...
         Starting Flush Journal to Persistent Storage...
[[0;32m  OK  [0m] Mounted FUSE Control File System.
[[0;32m  OK  [0m] Started Create Static Device Nodes in /dev.
[[0;32m  OK  [0m] Started Load/Save Random Seed.
[[0;32m  OK  [0m] Started Apply Kernel Variables.
[[0;32m  OK  [0m] Started udev Coldplug all Devices.
[[0;32m  OK  [0m] Started Flush Journal to Persistent Storage.
         Starting udev Kernel Device Manager...
[[0;32m  OK  [0m] Started udev Kernel Device Manager.
[[0;32m  OK  [0m] Started Dispatch Password Requests to Console Directory Watch.
[[0;32m  OK  [0m] Started Monitoring of LVM2 mirrors,...ng dmeventd or progress polling.
[[0;32m  OK  [0m] Reached target Local File Systems (Pre).
[[0;32m  OK  [0m] Reached target Local File Systems.
         Starting LSB: AppArmor initialization...
         Starting Tell Plymouth To Write Out Runtime Data...
         Starting Create Volatile Files and Directories...
         Starting Set console font and keymap...
         Starting Initial cloud-init job (pre-networking)...
[[0;32m  OK  [0m] Started Tell Plymouth To Write Out Runtime Data.
[[0;32m  OK  [0m] Started Create Volatile Files and Directories.
[[0;32m  OK  [0m] Found device /dev/ttyS0.
         Starting Update UTMP about System Boot/Shutdown...
[[0;32m  OK  [0m] Listening on Load/Save RF Kill Switch Status /dev/rfkill Watch.
[[0;32m  OK  [0m] Started LSB: AppArmor initialization.
[   28.373477] cloud-init[499]: Cloud-init v. 18.5-45-g3554ffe8-0ubuntu1~16.04.1 running 'init-local' at Fri, 24 May 2019 07:20:30 +0000. Up 27.31 seconds.
[[0;32m  OK  [0m] Started Update UTMP about System Boot/Shutdown.
[[0;32m  OK  [0m] Started Initial cloud-init job (pre-networking).
[[0;32m  OK  [0m] Reached target Network (Pre).
[[0;32m  OK  [0m] Started ifup for enp0s8.
[[0;32m  OK  [0m] Started ifup for enp0s3.
         Starting Raise network interfaces...
[[0;32m  OK  [0m] Found device 82540EM Gigabit Ethern...r (PRO/1000 MT Desktop Adapter).
[[0;32m  OK  [0m] Found device 82540EM Gigabit Ethern...r (PRO/1000 MT Desktop Adapter).
[[0;32m  OK  [0m] Started Set console font and keymap.
[[0;32m  OK  [0m] Created slice system-getty.slice.
[[0;32m  OK  [0m] Started Raise network interfaces.
[[0;32m  OK  [0m] Reached target Network.
         Starting Initial cloud-init job (metadata service crawler)...
[   37.986905] cloud-init[1069]: Cloud-init v. 18.5-45-g3554ffe8-0ubuntu1~16.04.1 running 'init' at Fri, 24 May 2019 07:20:39 +0000. Up 37.10 seconds.
[   38.084819] cloud-init[1069]: ci-info: ++++++++++++++++++++++++++++++++++++++Net device info+++++++++++++++++++++++++++++++++++++++
[   38.087446] cloud-init[1069]: ci-info: +--------+------+-----------------------------+---------------+--------+-------------------+
[[0;32m  OK  [0m] Started Initial cloud-init job (metadata service crawler).
[   38.090510] cloud-init[1069]: ci-info: | Device |  Up  |           Address           |      Mask     | Scope  |     Hw-Address    |
[   38.167360] cloud-init[1069]: ci-info: +--------+------+-----------------------------+---------------+--------+-------------------+
[   38.199122] cloud-init[1069]: ci-info: | enp0s3 | True |          10.0.2.15          | 255.255.255.0 | global | 02:5b:c0:ee:75:0a |
[   38.219445] cloud-init[1069]: ci-info: | enp0s3 | True |  fe80::5b:c0ff:feee:750a/64 |       .       |  link  | 02:5b:c0:ee:75:0a |
[   38.242140] cloud-init[1069]: ci-info: | enp0s8 | True |         10.10.10.20         | 255.255.255.0 | global | 08:00:27:00:5e:7d |
[   38.264688] cloud-init[1069]: ci-info: | enp0s8 | True | fe80::a00:27ff:fe00:5e7d/64 |       .       |  link  | 08:00:27:00:5e:7d |
[[   38.286203] cloud-init[1069]: ci-info: |   lo   | True |          127.0.0.1          |   255.0.0.0   |  host  |         .         |
[   38.289490] cloud-init[1069]: ci-info: |   lo   | True |           ::1/128           |       .       |  host  |         .         |
[   38.305853] cloud-init[1069]: ci-info: +--------+------+-----------------------------+---------------+--------+-------------------+
[   38.306089] cloud-init[1069]: ci-info: +++++++++++++++++++++++++++Route IPv4 info++++++++++++++++++++++++++++
[   38.306172] cloud-init[1069]: ci-info: +-------+-------------+----------+---------------+-----------+-------+
[   38.306273] cloud-init[1069]: ci-info: | Route | Destination | Gateway  |    Genmask    | Interface | Flags |
[   38.306350] cloud-init[1069]: ci-info: +-------+-------------+----------+---------------+-----------+-------+
[   38.306504] cloud-init[1069]: ci-info: |   0   |   0.0.0.0   | 10.0.2.2 |    0.0.0.0    |   enp0s3  |   UG  |
[   38.306583] cloud-init[1069]: ci-info: |   1   |   10.0.2.0  | 0.0.0.0  | 255.255.255.0 |   enp0s3  |   U   |
[   38.306660] cloud-init[1069]: ci-info: |   2   |  10.10.10.0 | 0.0.0.0  | 255.255.255.0 |   enp0s8  |   U   |
[   38.306790] cloud-init[1069]: ci-info: +-------+-------------+----------+---------------+-----------+-------+
[   38.306871] cloud-init[1069]: ci-info: +++++++++++++++++++Route IPv6 info+++++++++++++++++++
[   38.307092] cloud-init[1069]: ci-info: +-------+-------------+---------+-----------+-------+
[   38.307210] cloud-init[1069]: ci-info: | Route | Destination | Gateway | Interface | Flags |
[   38.307291] cloud-init[1069]: ci-info: +-------+-------------+---------+-----------+-------+
[   38.307490] cloud-init[1069]: ci-info: |   0   |  fe80::/64  |    ::   |   enp0s8  |   U   |
[   38.307574] cloud-init[1069]: ci-info: |   1   |  fe80::/64  |    ::   |   enp0s3  |   U   |
[   38.307651] cloud-init[1069]: ci-info: |   6   |   ff00::/8  |    ::   |   enp0s8  |   U   |
[   38.307727] cloud-init[1069]: ci-info: |   7   |   ff00::/8  |    ::   |   enp0s3  |   U   |
[   38.307804] cloud-init[1069]: ci-info: +-------+-------------+---------+-----------+-------+
[0;32m  OK  [0m] Reached target System Initialization.
[[0;32m  OK  [0m] Listening on UUID daemon activation socket.
[[0;32m  OK  [0m] Listening on D-Bus System Message Bus Socket.
[[0;32m  OK  [0m] Listening on ACPID Listen Socket.
         Starting Socket activation for snappy daemon.
[[0;32m  OK  [0m] Started Daily apt download activities.
         Starting LXD - unix socket.
[[0;32m  OK  [0m] Started Daily apt upgrade and clean activities.
[[0;32m  OK  [0m] Started ACPI Events Check.
[[0;32m  OK  [0m] Reached target Paths.
[[0;32m  OK  [0m] Started Daily Cleanup of Temporary Directories.
[[0;32m  OK  [0m] Reached target Timers.
[[0;32m  OK  [0m] Reached target Cloud-config availability.
[[0;32m  OK  [0m] Reached target Network is Online.
         Starting iSCSI initiator daemon (iscsid)...
[[0;32m  OK  [0m] Listening on Socket activation for snappy daemon.
[[0;32m  OK  [0m] Listening on LXD - unix socket.
[[0;32m  OK  [0m] Reached target Sockets.
[[0;32m  OK  [0m] Reached target Basic System.
         Starting Virtualbox guest utils...
[[0;32m  OK  [0m] Started ACPI event daemon.
         Starting LXD - container startup/shutdown...
         Starting Login Service...
         Starting OpenBSD Secure Shell server...
         Starting /etc/rc.local Compatibility...
[[0;32m  OK  [0m] Started D-Bus System Message Bus.
         Starting LSB: Record successful boot for GRUB...
[[0;32m  OK  [0m] Started Unattended Upgrades Shutdown.
[[0;32m  OK  [0m] Started Regular background program processing daemon.
         Starting Accounts Service...
         Starting System Logging Service...
         Starting LSB: MD monitoring daemon...
[[0;32m  OK  [0m] Started FUSE filesystem for LXC.
[[0;32m  OK  [0m] Started Deferred execution scheduler.
[[0;32m  OK  [0m] Started Puma HTTP Server.
         Starting Snappy daemon...
[[0;32m  OK  [0m] Started System Logging Service.
[[0;32m  OK  [0m] Started iSCSI initiator daemon (iscsid).
[[0;32m  OK  [0m] Started LXD - container startup/shutdown.
[[0;32m  OK  [0m] Started /etc/rc.local Compatibility.
[[0;32m  OK  [0m] Started OpenBSD Secure Shell server.
[[0;32m  OK  [0m] Started Login Service.
         Starting Authenticate and Authorize Users to Run Privileged Tasks...
         Starting Login to default iSCSI targets...
[[0;32m  OK  [0m] Started LSB: Record successful boot for GRUB.
[[0;32m  OK  [0m] Started LSB: MD monitoring daemon.
[[0;32m  OK  [0m] Started Virtualbox guest utils.
[[0;32m  OK  [0m] Started Authenticate and Authorize Users to Run Privileged Tasks.
[[0;32m  OK  [0m] Started Accounts Service.
[[0;32m  OK  [0m] Started Login to default iSCSI targets.
[[0;32m  OK  [0m] Reached target Remote File Systems (Pre).
[[0;32m  OK  [0m] Reached target Remote File Systems.
         Starting LSB: Set the CPU Frequency Scaling governor to "ondemand"...
         Starting LSB: automatic crash report generation...
         Starting LSB: daemon to balance interrupts for SMP systems...
         Starting Permit User Sessions...
[[0;32m  OK  [0m] Started Permit User Sessions.
         Starting Terminate Plymouth Boot Screen...
         Starting Hold until boot process finishes up...
[[0;32m  OK  [0m] Started LSB: Set the CPU Frequency Scaling governor to "ondemand".
[[0;32m  OK  [0m] Started LSB: automatic crash report generation.
[[0;32m  OK  [0m] Started LSB: daemon to balance interrupts for SMP systems.
[[0;32m  OK  [0m] Started Terminate Plymouth Boot Screen.
[[0;32m  OK  [0m] Started Hold until boot process finishes up.
[[0;32m  OK  [0m] Started Snappy daemon.
[[0;32m  OK  [0m] Created slice User Slice of vagrant.
[[0;32m  OK  [0m] Started Session 1 of user vagrant.
         Starting User Manager for UID 1000...
         Starting Wait until snapd is fully seeded...
[[0;32m  OK  [0m] Started Getty on tty1.
[[0;32m  OK  [0m] Started Serial Getty on ttyS0.
[[0;32m  OK  [0m] Reached target Login Prompts.
         Starting Set console scheme...
[[0;32m  OK  [0m] Started User Manager for UID 1000.
[[0;32m  OK  [0m] Started Wait until snapd is fully seeded.
[[0;32m  OK  [0m] Started Set console scheme.
         Starting Apply the settings specified in cloud-config...
[[0;32m  OK  [0m] Reached target Multi-User System.
[[0;32m  OK  [0m] Reached target Graphical Interface.
         Starting Update UTMP about System Runlevel Changes...
[[0;32m  OK  [0m] Started Update UTMP about System Runlevel Changes.
[   42.010249] cloud-init[1328]: Cloud-init v. 18.5-45-g3554ffe8-0ubuntu1~16.04.1 running 'modules:config' at Fri, 24 May 2019 07:20:44 +0000. Up 41.74 seconds.
[[0;32m  OK  [0m] Started Apply the settings specified in cloud-config.
         Starting Execute cloud user/final scripts...
[   43.213226] cloud-init[1401]: Cloud-init v. 18.5-45-g3554ffe8-0ubuntu1~16.04.1 running 'modules:final' at Fri, 24 May 2019 07:20:45 +0000. Up 42.83 seconds.
[   43.259710] cloud-init[1401]: Cloud-init v. 18.5-45-g3554ffe8-0ubuntu1~16.04.1

Ubuntu 16.04.6 LTS appserver ttyS0

appserver login: 